# JRE version: Java(TM) SE Runtime Environment (8.0_91-b15) (build 1.8.0_91-b15)
# Java VM: Java HotSpot(TM) 64-Bit Server VM (25.91-b15 mixed mode windows-amd64 compressed oops)
Heap:
 PSYoungGen      total 101376K, used 18678K [0x000000076b100000, 0x0000000774100000, 0x00000007c0000000)
  eden space 90112K, 8% used [0x000000076b100000,0x000000076b8aebb0,0x0000000770900000)
  from space 11264K, 95% used [0x0000000773600000,0x000000077408f030,0x0000000774100000)
  to   space 12288K, 0% used [0x0000000772900000,0x0000000772900000,0x0000000773500000)
 ParOldGen       total 177664K, used 12794K [0x00000006c1200000, 0x00000006cbf80000, 0x000000076b100000)
  object space 177664K, 7% used [0x00000006c1200000,0x00000006c1e7eb30,0x00000006cbf80000)
 Metaspace       used 40126K, capacity 42662K, committed 42880K, reserved 1087488K
  class space    used 5252K, capacity 5706K, committed 5760K, reserved 1048576K
GC Heap History (10 events):
Event: 2.277 GC heap before
{Heap before GC invocations=4 (full 1):
 PSYoungGen      total 76288K, used 65536K [0x000000076b100000, 0x0000000774600000, 0x00000007c0000000)
  eden space 65536K, 100% used [0x000000076b100000,0x000000076f100000,0x000000076f100000)
  from space 10752K, 0% used [0x000000076fb80000,0x000000076fb80000,0x0000000770600000)
  to   space 10752K, 0% used [0x000000076f100000,0x000000076f100000,0x000000076fb80000)
 ParOldGen       total 115712K, used 11361K [0x00000006c1200000, 0x00000006c8300000, 0x000000076b100000)
  object space 115712K, 9% used [0x00000006c1200000,0x00000006c1d185d8,0x00000006c8300000)
 Metaspace       used 24783K, capacity 26512K, committed 26752K, reserved 1073152K
  class space    used 3339K, capacity 3686K, committed 3712K, reserved 1048576K
Event: 2.282 GC heap after
Heap after GC invocations=4 (full 1):
 PSYoungGen      total 76288K, used 7563K [0x000000076b100000, 0x0000000771f80000, 0x00000007c0000000)
  eden space 65536K, 0% used [0x000000076b100000,0x000000076b100000,0x000000076f100000)
  from space 10752K, 70% used [0x000000076f100000,0x000000076f862d90,0x000000076fb80000)
  to   space 10752K, 0% used [0x0000000771500000,0x0000000771500000,0x0000000771f80000)
 ParOldGen       total 115712K, used 11369K [0x00000006c1200000, 0x00000006c8300000, 0x000000076b100000)
  object space 115712K, 9% used [0x00000006c1200000,0x00000006c1d1a5d8,0x00000006c8300000)
 Metaspace       used 24783K, capacity 26512K, committed 26752K, reserved 1073152K
  class space    used 3339K, capacity 3686K, committed 3712K, reserved 1048576K
}
Event: 2.764 GC heap before
{Heap before GC invocations=5 (full 1):
 PSYoungGen      total 76288K, used 73099K [0x000000076b100000, 0x0000000771f80000, 0x00000007c0000000)
  eden space 65536K, 100% used [0x000000076b100000,0x000000076f100000,0x000000076f100000)
  from space 10752K, 70% used [0x000000076f100000,0x000000076f862d90,0x000000076fb80000)
  to   space 10752K, 0% used [0x0000000771500000,0x0000000771500000,0x0000000771f80000)
 ParOldGen       total 115712K, used 11369K [0x00000006c1200000, 0x00000006c8300000, 0x000000076b100000)
  object space 115712K, 9% used [0x00000006c1200000,0x00000006c1d1a5d8,0x00000006c8300000)
 Metaspace       used 30863K, capacity 32898K, committed 33024K, reserved 1077248K
  class space    used 4116K, capacity 4491K, committed 4608K, reserved 1048576K
Event: 2.770 GC heap after
Heap after GC invocations=5 (full 1):
 PSYoungGen      total 102400K, used 9157K [0x000000076b100000, 0x0000000772100000, 0x00000007c0000000)
  eden space 91648K, 0% used [0x000000076b100000,0x000000076b100000,0x0000000770a80000)
  from space 10752K, 85% used [0x0000000771500000,0x0000000771df14c8,0x0000000771f80000)
  to   space 10752K, 0% used [0x0000000770a80000,0x0000000770a80000,0x0000000771500000)
 ParOldGen       total 115712K, used 11441K [0x00000006c1200000, 0x00000006c8300000, 0x000000076b100000)
  object space 115712K, 9% used [0x00000006c1200000,0x00000006c1d2c5e8,0x00000006c8300000)
 Metaspace       used 30863K, capacity 32898K, committed 33024K, reserved 1077248K
  class space    used 4116K, capacity 4491K, committed 4608K, reserved 1048576K
}
Event: 7.343 GC heap before
{Heap before GC invocations=6 (full 1):
 PSYoungGen      total 102400K, used 38973K [0x000000076b100000, 0x0000000772100000, 0x00000007c0000000)
  eden space 91648K, 32% used [0x000000076b100000,0x000000076ce1e290,0x0000000770a80000)
  from space 10752K, 85% used [0x0000000771500000,0x0000000771df14c8,0x0000000771f80000)
  to   space 10752K, 0% used [0x0000000770a80000,0x0000000770a80000,0x0000000771500000)
 ParOldGen       total 115712K, used 11441K [0x00000006c1200000, 0x00000006c8300000, 0x000000076b100000)
  object space 115712K, 9% used [0x00000006c1200000,0x00000006c1d2c5e8,0x00000006c8300000)
 Metaspace       used 33026K, capacity 35334K, committed 35496K, reserved 1079296K
  class space    used 4432K, capacity 4844K, committed 4864K, reserved 1048576K
Event: 7.349 GC heap after
Heap after GC invocations=6 (full 1):
 PSYoungGen      total 102400K, used 8260K [0x000000076b100000, 0x0000000774180000, 0x00000007c0000000)
  eden space 91648K, 0% used [0x000000076b100000,0x000000076b100000,0x0000000770a80000)
  from space 10752K, 76% used [0x0000000770a80000,0x0000000771291120,0x0000000771500000)
  to   space 11776K, 0% used [0x0000000773600000,0x0000000773600000,0x0000000774180000)
 ParOldGen       total 115712K, used 11449K [0x00000006c1200000, 0x00000006c8300000, 0x000000076b100000)
  object space 115712K, 9% used [0x00000006c1200000,0x00000006c1d2e5e8,0x00000006c8300000)
 Metaspace       used 33026K, capacity 35334K, committed 35496K, reserved 1079296K
  class space    used 4432K, capacity 4844K, committed 4864K, reserved 1048576K
}
Event: 7.349 GC heap before
{Heap before GC invocations=7 (full 2):
 PSYoungGen      total 102400K, used 8260K [0x000000076b100000, 0x0000000774180000, 0x00000007c0000000)
  eden space 91648K, 0% used [0x000000076b100000,0x000000076b100000,0x0000000770a80000)
  from space 10752K, 76% used [0x0000000770a80000,0x0000000771291120,0x0000000771500000)
  to   space 11776K, 0% used [0x0000000773600000,0x0000000773600000,0x0000000774180000)
 ParOldGen       total 115712K, used 11449K [0x00000006c1200000, 0x00000006c8300000, 0x000000076b100000)
  object space 115712K, 9% used [0x00000006c1200000,0x00000006c1d2e5e8,0x00000006c8300000)
 Metaspace       used 33026K, capacity 35334K, committed 35496K, reserved 1079296K
  class space    used 4432K, capacity 4844K, committed 4864K, reserved 1048576K
Event: 7.401 GC heap after
Heap after GC invocations=7 (full 2):
 PSYoungGen      total 102400K, used 0K [0x000000076b100000, 0x0000000774180000, 0x00000007c0000000)
  eden space 91648K, 0% used [0x000000076b100000,0x000000076b100000,0x0000000770a80000)
  from space 10752K, 0% used [0x0000000770a80000,0x0000000770a80000,0x0000000771500000)
  to   space 11776K, 0% used [0x0000000773600000,0x0000000773600000,0x0000000774180000)
 ParOldGen       total 177664K, used 12755K [0x00000006c1200000, 0x00000006cbf80000, 0x000000076b100000)
  object space 177664K, 7% used [0x00000006c1200000,0x00000006c1e74ed0,0x00000006cbf80000)
 Metaspace       used 33026K, capacity 35334K, committed 35496K, reserved 1079296K
  class space    used 4432K, capacity 4844K, committed 4864K, reserved 1048576K
}
Event: 213.107 GC heap before
{Heap before GC invocations=8 (full 2):
 PSYoungGen      total 102400K, used 91648K [0x000000076b100000, 0x0000000774180000, 0x00000007c0000000)
  eden space 91648K, 100% used [0x000000076b100000,0x0000000770a80000,0x0000000770a80000)
  from space 10752K, 0% used [0x0000000770a80000,0x0000000770a80000,0x0000000771500000)
  to   space 11776K, 0% used [0x0000000773600000,0x0000000773600000,0x0000000774180000)
 ParOldGen       total 177664K, used 12755K [0x00000006c1200000, 0x00000006cbf80000, 0x000000076b100000)
  object space 177664K, 7% used [0x00000006c1200000,0x00000006c1e74ed0,0x00000006cbf80000)
 Metaspace       used 40057K, capacity 42494K, committed 42880K, reserved 1087488K
  class space    used 5242K, capacity 5662K, committed 5760K, reserved 1048576K
Event: 213.117 GC heap after
Heap after GC invocations=8 (full 2):
 PSYoungGen      total 101376K, used 10812K [0x000000076b100000, 0x0000000774100000, 0x00000007c0000000)
  eden space 90112K, 0% used [0x000000076b100000,0x000000076b100000,0x0000000770900000)
  from space 11264K, 95% used [0x0000000773600000,0x000000077408f030,0x0000000774100000)
  to   space 12288K, 0% used [0x0000000772900000,0x0000000772900000,0x0000000773500000)
 ParOldGen       total 177664K, used 12794K [0x00000006c1200000, 0x00000006cbf80000, 0x000000076b100000)
  object space 177664K, 7% used [0x00000006c1200000,0x00000006c1e7eb30,0x00000006cbf80000)
 Metaspace       used 40057K, capacity 42494K, committed 42880K, reserved 1087488K
  class space    used 5242K, capacity 5662K, committed 5760K, reserved 1048576K
}

